TN:
SF:src\modules\appointments\services\CreateAppointmentService.ts
FN:15,(anonymous_18)
FN:16,CreateAppointmentService
FN:24,(anonymous_20)
FNF:3
FNH:3
FNDA:1,(anonymous_18)
FNDA:5,CreateAppointmentService
FNDA:7,(anonymous_20)
DA:1,1
DA:2,1
DA:3,1
DA:15,1
DA:18,5
DA:21,5
DA:24,1
DA:25,7
DA:26,7
DA:27,7
DA:29,7
DA:31,7
DA:32,3
DA:35,4
DA:36,1
DA:41,3
DA:42,1
DA:45,2
DA:49,2
DA:50,0
DA:53,2
DA:59,2
DA:60,4
DA:65,2
DA:67,1
DA:69,1
LF:26
LH:25
BRDA:31,0,0,3
BRDA:31,0,1,4
BRDA:35,1,0,1
BRDA:35,1,1,3
BRDA:35,2,0,4
BRDA:35,2,1,3
BRDA:41,3,0,1
BRDA:41,3,1,2
BRDA:49,4,0,0
BRDA:49,4,1,2
BRF:10
BRH:9
end_of_record
TN:
SF:src\modules\appointments\services\ListProviderAppointmentService.ts
FN:15,(anonymous_17)
FN:16,ListProviderAppointmentService
FN:24,(anonymous_19)
FNF:3
FNH:3
FNDA:1,(anonymous_17)
FNDA:1,ListProviderAppointmentService
FNDA:1,(anonymous_19)
DA:1,1
DA:15,1
DA:18,1
DA:21,1
DA:24,1
DA:25,1
DA:26,1
DA:27,1
DA:28,1
DA:30,1
DA:32,1
DA:33,1
DA:44,1
DA:46,1
DA:48,1
LF:15
LH:15
BRDA:30,0,0,1
BRF:1
BRH:1
end_of_record
TN:
SF:src\modules\appointments\services\ListProviderDayAvailabilityService.ts
FN:20,(anonymous_17)
FN:21,ListProviderDayAvailabilityService
FN:26,(anonymous_19)
FN:45,(anonymous_22)
FN:48,(anonymous_23)
FN:50,(anonymous_24)
FNF:6
FNH:6
FNDA:1,(anonymous_17)
FNDA:1,ListProviderDayAvailabilityService
FNDA:1,(anonymous_19)
FNDA:10,(anonymous_22)
FNDA:10,(anonymous_23)
FNDA:19,(anonymous_24)
DA:1,1
DA:5,1
DA:20,1
DA:23,1
DA:26,1
DA:27,1
DA:28,1
DA:29,1
DA:30,1
DA:32,1
DA:41,1
DA:43,1
DA:45,10
DA:48,1
DA:49,10
DA:50,19
DA:52,10
DA:53,10
DA:55,10
DA:61,1
DA:63,1
DA:65,1
LF:22
LH:22
BRDA:32,0,0,1
BRDA:57,1,0,10
BRDA:57,1,1,8
BRF:3
BRH:3
end_of_record
TN:
SF:src\modules\appointments\services\ListProviderMonthAvailabilityService.ts
FN:18,(anonymous_17)
FN:19,ListProviderMonthAvailabilityService
FN:24,(anonymous_19)
FN:39,(anonymous_22)
FN:42,(anonymous_23)
FN:43,(anonymous_24)
FNF:6
FNH:6
FNDA:1,(anonymous_17)
FNDA:1,ListProviderMonthAvailabilityService
FNDA:1,(anonymous_19)
FNDA:31,(anonymous_22)
FNDA:31,(anonymous_23)
FNDA:341,(anonymous_24)
DA:1,1
DA:3,1
DA:18,1
DA:21,1
DA:24,1
DA:25,1
DA:26,1
DA:27,1
DA:29,1
DA:33,1
DA:35,1
DA:39,31
DA:42,1
DA:43,31
DA:44,341
DA:47,31
DA:53,1
DA:55,1
DA:57,1
LF:19
LH:19
BRDA:29,0,0,1
BRF:1
BRH:1
end_of_record
TN:
SF:src\modules\appointments\services\ListProvidersService.ts
FN:8,(anonymous_17)
FN:9,ListProvidersService
FN:15,(anonymous_19)
FNF:3
FNH:3
FNDA:1,(anonymous_17)
FNDA:1,ListProvidersService
FNDA:1,(anonymous_19)
DA:1,1
DA:8,1
DA:10,1
DA:12,1
DA:15,1
DA:16,1
DA:20,1
DA:21,1
DA:26,2
DA:28,1
DA:30,1
DA:32,1
LF:12
LH:12
BRDA:16,0,0,1
BRDA:16,0,1,1
BRDA:20,1,0,0
BRDA:20,1,1,1
BRF:4
BRH:3
end_of_record
TN:
SF:src\modules\users\services\AuthenticateUserService.ts
FN:19,(anonymous_18)
FN:20,AuthenticateUserService
FN:26,(anonymous_20)
FNF:3
FNH:3
FNDA:1,(anonymous_18)
FNDA:3,AuthenticateUserService
FNDA:3,(anonymous_20)
DA:1,1
DA:2,1
DA:3,1
DA:4,1
DA:19,1
DA:21,3
DA:23,3
DA:26,1
DA:27,3
DA:28,3
DA:30,3
DA:32,3
DA:33,1
DA:36,2
DA:40,2
DA:41,1
DA:44,1
DA:49,1
DA:54,1
DA:56,1
LF:20
LH:20
BRDA:30,0,0,3
BRDA:32,1,0,1
BRDA:32,1,1,2
BRDA:40,2,0,1
BRDA:40,2,1,1
BRF:5
BRH:5
end_of_record
TN:
SF:src\modules\users\services\CreateUserService.ts
FN:16,(anonymous_18)
FN:17,CreateUserService
FN:24,(anonymous_20)
FNF:3
FNH:3
FNDA:2,(anonymous_18)
FNDA:5,CreateUserService
FNDA:5,(anonymous_20)
DA:1,2
DA:3,2
DA:16,2
DA:18,5
DA:19,5
DA:21,5
DA:24,5
DA:25,5
DA:26,5
DA:27,1
DA:30,4
DA:32,4
DA:37,8
DA:38,4
DA:40,2
DA:42,2
LF:16
LH:16
BRDA:25,0,0,5
BRDA:26,1,0,1
BRDA:26,1,1,4
BRF:3
BRH:3
end_of_record
TN:
SF:src\modules\users\services\ResetPasswordService.ts
FN:14,(anonymous_18)
FN:15,ResetPasswordService
FN:22,(anonymous_20)
FNF:3
FNH:3
FNDA:1,(anonymous_18)
FNDA:4,ResetPasswordService
FNDA:4,(anonymous_20)
DA:1,1
DA:2,1
DA:3,1
DA:14,1
DA:16,4
DA:18,4
DA:19,4
DA:22,4
DA:23,4
DA:25,4
DA:26,1
DA:28,3
DA:30,3
DA:31,1
DA:34,2
DA:35,2
DA:37,2
DA:38,1
DA:41,1
DA:43,1
DA:45,1
DA:47,1
LF:22
LH:22
BRDA:23,0,0,4
BRDA:25,1,0,1
BRDA:25,1,1,3
BRDA:30,2,0,1
BRDA:30,2,1,2
BRDA:37,3,0,1
BRDA:37,3,1,1
BRF:7
BRH:7
end_of_record
TN:
SF:src\modules\users\services\SendForgotPasswordEmailService.ts
FN:13,(anonymous_18)
FN:14,SendForgotPasswordEmailService
FN:21,(anonymous_20)
FNF:3
FNH:3
FNDA:1,(anonymous_18)
FNDA:3,SendForgotPasswordEmailService
FNDA:3,(anonymous_20)
DA:1,1
DA:2,1
DA:4,1
DA:13,1
DA:15,3
DA:16,3
DA:18,3
DA:21,3
DA:22,3
DA:24,3
DA:25,1
DA:28,2
DA:29,2
DA:35,4
DA:50,1
DA:52,1
LF:16
LH:16
BRDA:22,0,0,3
BRDA:24,1,0,1
BRDA:24,1,1,2
BRF:3
BRH:3
end_of_record
TN:
SF:src\modules\users\services\ShowProfileService.ts
FN:8,(anonymous_18)
FN:9,ShowProfileService
FN:13,(anonymous_20)
FNF:3
FNH:3
FNDA:1,(anonymous_18)
FNDA:2,ShowProfileService
FNDA:2,(anonymous_20)
DA:1,1
DA:3,1
DA:8,1
DA:10,2
DA:13,1
DA:14,2
DA:16,2
DA:17,1
DA:19,1
DA:21,1
DA:23,1
LF:11
LH:11
BRDA:14,0,0,2
BRDA:16,1,0,1
BRDA:16,1,1,1
BRF:3
BRH:3
end_of_record
TN:
SF:src\modules\users\services\UpdateProfileService.ts
FN:17,(anonymous_18)
FN:18,UpdateProfileService
FN:23,(anonymous_20)
FNF:3
FNH:3
FNDA:1,(anonymous_18)
FNDA:6,UpdateProfileService
FNDA:6,(anonymous_20)
DA:1,1
DA:3,1
DA:17,1
DA:19,6
DA:20,6
DA:23,1
DA:24,6
DA:25,6
DA:26,6
DA:27,6
DA:28,6
DA:30,6
DA:32,6
DA:33,1
DA:36,5
DA:38,5
DA:39,1
DA:42,4
DA:43,1
DA:46,4
DA:47,2
DA:51,2
DA:52,1
DA:55,1
DA:58,2
DA:59,2
DA:61,2
DA:63,1
DA:65,1
LF:29
LH:29
BRDA:30,0,0,6
BRDA:32,1,0,1
BRDA:32,1,1,5
BRDA:38,2,0,1
BRDA:38,2,1,4
BRDA:38,3,0,5
BRDA:38,3,1,1
BRDA:42,4,0,1
BRDA:42,4,1,3
BRDA:42,5,0,4
BRDA:42,5,1,3
BRDA:46,6,0,1
BRDA:46,6,1,2
BRDA:46,7,0,3
BRDA:46,7,1,2
BRDA:51,8,0,1
BRDA:51,8,1,1
BRF:17
BRH:17
end_of_record
TN:
SF:src\modules\users\services\UpdateUserAvatarService.ts
FN:14,(anonymous_18)
FN:15,UpdateUserAvatarService
FN:20,(anonymous_20)
FNF:3
FNH:3
FNDA:1,(anonymous_18)
FNDA:3,UpdateUserAvatarService
FNDA:4,(anonymous_20)
DA:1,1
DA:3,1
DA:14,1
DA:16,3
DA:17,3
DA:20,4
DA:21,4
DA:23,4
DA:24,1
DA:27,5
DA:28,2
DA:31,3
DA:33,3
DA:35,6
DA:37,3
DA:39,3
DA:41,1
DA:43,1
LF:18
LH:18
BRDA:21,0,0,4
BRDA:21,0,1,3
BRDA:23,1,0,1
BRDA:23,1,1,3
BRDA:27,2,0,2
BRDA:27,2,1,1
BRF:6
BRH:6
end_of_record
